2017-12-15 22:43:33,102 - Log4JLogChute initialized using file 'velocity.log'
2017-12-15 22:43:33,102 - Initializing Velocity, Calling init()...
2017-12-15 22:43:33,103 - Starting Apache Velocity v1.7 (compiled: 2010-11-19 12:14:37)
2017-12-15 22:43:33,103 - Default Properties File: org\apache\velocity\runtime\defaults\velocity.properties
2017-12-15 22:43:33,103 - Trying to use logger class org.apache.velocity.runtime.log.AvalonLogChute
2017-12-15 22:43:33,103 - Target log system for org.apache.velocity.runtime.log.AvalonLogChute is not available (java.lang.NoClassDefFoundError: org/apache/log/format/Formatter).  Falling back to next log system...
2017-12-15 22:43:33,103 - Trying to use logger class org.apache.velocity.runtime.log.Log4JLogChute
2017-12-15 22:43:33,103 - Using logger class org.apache.velocity.runtime.log.Log4JLogChute
2017-12-15 22:43:33,106 - ResourceLoader instantiated: org.apache.velocity.runtime.resource.loader.ClasspathResourceLoader
2017-12-15 22:43:33,116 - ResourceCache: initialized (class org.apache.velocity.runtime.resource.ResourceCacheImpl) with class java.util.Collections$SynchronizedMap cache map.
2017-12-15 22:43:33,117 - Loaded System Directive: org.apache.velocity.runtime.directive.Stop
2017-12-15 22:43:33,118 - Loaded System Directive: org.apache.velocity.runtime.directive.Define
2017-12-15 22:43:33,118 - Loaded System Directive: org.apache.velocity.runtime.directive.Break
2017-12-15 22:43:33,119 - Loaded System Directive: org.apache.velocity.runtime.directive.Evaluate
2017-12-15 22:43:33,120 - Loaded System Directive: org.apache.velocity.runtime.directive.Literal
2017-12-15 22:43:33,121 - Loaded System Directive: org.apache.velocity.runtime.directive.Macro
2017-12-15 22:43:33,122 - Loaded System Directive: org.apache.velocity.runtime.directive.Parse
2017-12-15 22:43:33,123 - Loaded System Directive: org.apache.velocity.runtime.directive.Include
2017-12-15 22:43:33,124 - Loaded System Directive: org.apache.velocity.runtime.directive.Foreach
2017-12-15 22:43:33,146 - Created '20' parsers.
2017-12-15 22:43:33,152 - Velocimacro : "velocimacro.library" is not set.  Trying default library: VM_global_library.vm
2017-12-15 22:43:33,153 - Could not load resource 'VM_global_library.vm' from ResourceLoader org.apache.velocity.runtime.resource.loader.ClasspathResourceLoader: ClasspathResourceLoader Error: cannot find resource VM_global_library.vm
2017-12-15 22:43:33,153 - Velocimacro : Default library not found.
2017-12-15 22:43:33,153 - Velocimacro : allowInline = true : VMs can be defined inline in templates
2017-12-15 22:43:33,153 - Velocimacro : allowInlineToOverride = false : VMs defined inline may NOT replace previous VM definitions
2017-12-15 22:43:33,153 - Velocimacro : allowInlineLocal = false : VMs defined inline will be global in scope if allowed.
2017-12-15 22:43:33,153 - Velocimacro : autoload off : VM system will not automatically reload global library macros
2017-12-15 22:43:33,170 - ResourceManager : found temple/entity.java.vm with loader org.apache.velocity.runtime.resource.loader.ClasspathResourceLoader
2017-12-15 22:43:33,185 - ResourceManager : found temple/mapper.java.vm with loader org.apache.velocity.runtime.resource.loader.ClasspathResourceLoader
2017-12-15 22:43:33,190 - ResourceManager : found temple/mapper.xml.vm with loader org.apache.velocity.runtime.resource.loader.ClasspathResourceLoader
2017-12-15 22:43:33,194 - ResourceManager : found temple/service.java.vm with loader org.apache.velocity.runtime.resource.loader.ClasspathResourceLoader
2017-12-15 22:43:33,198 - ResourceManager : found /templates/serviceImpl.java.vm with loader org.apache.velocity.runtime.resource.loader.ClasspathResourceLoader
2017-12-15 22:43:33,201 - ResourceManager : found temple/controller.java.vm with loader org.apache.velocity.runtime.resource.loader.ClasspathResourceLoader
2017-12-15 22:48:13,320 - Log4JLogChute initialized using file 'velocity.log'
2017-12-15 22:48:13,321 - Initializing Velocity, Calling init()...
2017-12-15 22:48:13,321 - Starting Apache Velocity v1.7 (compiled: 2010-11-19 12:14:37)
2017-12-15 22:48:13,321 - Default Properties File: org\apache\velocity\runtime\defaults\velocity.properties
2017-12-15 22:48:13,321 - Trying to use logger class org.apache.velocity.runtime.log.AvalonLogChute
2017-12-15 22:48:13,321 - Target log system for org.apache.velocity.runtime.log.AvalonLogChute is not available (java.lang.NoClassDefFoundError: org/apache/log/format/Formatter).  Falling back to next log system...
2017-12-15 22:48:13,321 - Trying to use logger class org.apache.velocity.runtime.log.Log4JLogChute
2017-12-15 22:48:13,321 - Using logger class org.apache.velocity.runtime.log.Log4JLogChute
2017-12-15 22:48:13,324 - ResourceLoader instantiated: org.apache.velocity.runtime.resource.loader.ClasspathResourceLoader
2017-12-15 22:48:13,334 - ResourceCache: initialized (class org.apache.velocity.runtime.resource.ResourceCacheImpl) with class java.util.Collections$SynchronizedMap cache map.
2017-12-15 22:48:13,335 - Loaded System Directive: org.apache.velocity.runtime.directive.Stop
2017-12-15 22:48:13,336 - Loaded System Directive: org.apache.velocity.runtime.directive.Define
2017-12-15 22:48:13,336 - Loaded System Directive: org.apache.velocity.runtime.directive.Break
2017-12-15 22:48:13,337 - Loaded System Directive: org.apache.velocity.runtime.directive.Evaluate
2017-12-15 22:48:13,338 - Loaded System Directive: org.apache.velocity.runtime.directive.Literal
2017-12-15 22:48:13,339 - Loaded System Directive: org.apache.velocity.runtime.directive.Macro
2017-12-15 22:48:13,340 - Loaded System Directive: org.apache.velocity.runtime.directive.Parse
2017-12-15 22:48:13,341 - Loaded System Directive: org.apache.velocity.runtime.directive.Include
2017-12-15 22:48:13,342 - Loaded System Directive: org.apache.velocity.runtime.directive.Foreach
2017-12-15 22:48:13,364 - Created '20' parsers.
2017-12-15 22:48:13,370 - Velocimacro : "velocimacro.library" is not set.  Trying default library: VM_global_library.vm
2017-12-15 22:48:13,371 - Could not load resource 'VM_global_library.vm' from ResourceLoader org.apache.velocity.runtime.resource.loader.ClasspathResourceLoader: ClasspathResourceLoader Error: cannot find resource VM_global_library.vm
2017-12-15 22:48:13,371 - Velocimacro : Default library not found.
2017-12-15 22:48:13,371 - Velocimacro : allowInline = true : VMs can be defined inline in templates
2017-12-15 22:48:13,371 - Velocimacro : allowInlineToOverride = false : VMs defined inline may NOT replace previous VM definitions
2017-12-15 22:48:13,371 - Velocimacro : allowInlineLocal = false : VMs defined inline will be global in scope if allowed.
2017-12-15 22:48:13,371 - Velocimacro : autoload off : VM system will not automatically reload global library macros
2017-12-15 22:48:13,388 - ResourceManager : found temple/entity.java.vm with loader org.apache.velocity.runtime.resource.loader.ClasspathResourceLoader
2017-12-15 22:48:13,402 - ResourceManager : found temple/mapper.java.vm with loader org.apache.velocity.runtime.resource.loader.ClasspathResourceLoader
2017-12-15 22:48:13,407 - ResourceManager : found temple/mapper.xml.vm with loader org.apache.velocity.runtime.resource.loader.ClasspathResourceLoader
2017-12-15 22:48:13,410 - ResourceManager : found temple/service.java.vm with loader org.apache.velocity.runtime.resource.loader.ClasspathResourceLoader
2017-12-15 22:48:13,414 - ResourceManager : found /templates/serviceImpl.java.vm with loader org.apache.velocity.runtime.resource.loader.ClasspathResourceLoader
2017-12-15 22:48:13,417 - ResourceManager : found temple/controller.java.vm with loader org.apache.velocity.runtime.resource.loader.ClasspathResourceLoader
2017-12-15 22:49:31,439 - Log4JLogChute initialized using file 'velocity.log'
2017-12-15 22:49:31,439 - Initializing Velocity, Calling init()...
2017-12-15 22:49:31,439 - Starting Apache Velocity v1.7 (compiled: 2010-11-19 12:14:37)
2017-12-15 22:49:31,439 - Default Properties File: org\apache\velocity\runtime\defaults\velocity.properties
2017-12-15 22:49:31,440 - Trying to use logger class org.apache.velocity.runtime.log.AvalonLogChute
2017-12-15 22:49:31,440 - Target log system for org.apache.velocity.runtime.log.AvalonLogChute is not available (java.lang.NoClassDefFoundError: org/apache/log/format/Formatter).  Falling back to next log system...
2017-12-15 22:49:31,440 - Trying to use logger class org.apache.velocity.runtime.log.Log4JLogChute
2017-12-15 22:49:31,440 - Using logger class org.apache.velocity.runtime.log.Log4JLogChute
2017-12-15 22:49:31,443 - ResourceLoader instantiated: org.apache.velocity.runtime.resource.loader.ClasspathResourceLoader
2017-12-15 22:49:31,453 - ResourceCache: initialized (class org.apache.velocity.runtime.resource.ResourceCacheImpl) with class java.util.Collections$SynchronizedMap cache map.
2017-12-15 22:49:31,454 - Loaded System Directive: org.apache.velocity.runtime.directive.Stop
2017-12-15 22:49:31,455 - Loaded System Directive: org.apache.velocity.runtime.directive.Define
2017-12-15 22:49:31,456 - Loaded System Directive: org.apache.velocity.runtime.directive.Break
2017-12-15 22:49:31,456 - Loaded System Directive: org.apache.velocity.runtime.directive.Evaluate
2017-12-15 22:49:31,457 - Loaded System Directive: org.apache.velocity.runtime.directive.Literal
2017-12-15 22:49:31,458 - Loaded System Directive: org.apache.velocity.runtime.directive.Macro
2017-12-15 22:49:31,459 - Loaded System Directive: org.apache.velocity.runtime.directive.Parse
2017-12-15 22:49:31,460 - Loaded System Directive: org.apache.velocity.runtime.directive.Include
2017-12-15 22:49:31,461 - Loaded System Directive: org.apache.velocity.runtime.directive.Foreach
2017-12-15 22:49:31,483 - Created '20' parsers.
2017-12-15 22:49:31,489 - Velocimacro : "velocimacro.library" is not set.  Trying default library: VM_global_library.vm
2017-12-15 22:49:31,490 - Could not load resource 'VM_global_library.vm' from ResourceLoader org.apache.velocity.runtime.resource.loader.ClasspathResourceLoader: ClasspathResourceLoader Error: cannot find resource VM_global_library.vm
2017-12-15 22:49:31,490 - Velocimacro : Default library not found.
2017-12-15 22:49:31,490 - Velocimacro : allowInline = true : VMs can be defined inline in templates
2017-12-15 22:49:31,490 - Velocimacro : allowInlineToOverride = false : VMs defined inline may NOT replace previous VM definitions
2017-12-15 22:49:31,490 - Velocimacro : allowInlineLocal = false : VMs defined inline will be global in scope if allowed.
2017-12-15 22:49:31,490 - Velocimacro : autoload off : VM system will not automatically reload global library macros
2017-12-15 22:49:31,508 - ResourceManager : found temple/entity.java.vm with loader org.apache.velocity.runtime.resource.loader.ClasspathResourceLoader
2017-12-15 22:49:31,533 - ResourceManager : found temple/mapper.java.vm with loader org.apache.velocity.runtime.resource.loader.ClasspathResourceLoader
2017-12-15 22:49:31,537 - ResourceManager : found temple/mapper.xml.vm with loader org.apache.velocity.runtime.resource.loader.ClasspathResourceLoader
2017-12-15 22:49:31,542 - ResourceManager : found temple/service.java.vm with loader org.apache.velocity.runtime.resource.loader.ClasspathResourceLoader
2017-12-15 22:49:31,545 - ResourceManager : found /templates/serviceImpl.java.vm with loader org.apache.velocity.runtime.resource.loader.ClasspathResourceLoader
2017-12-15 22:49:31,548 - ResourceManager : found temple/controller.java.vm with loader org.apache.velocity.runtime.resource.loader.ClasspathResourceLoader
2017-12-15 22:56:14,939 - Log4JLogChute initialized using file 'velocity.log'
2017-12-15 22:56:14,939 - Initializing Velocity, Calling init()...
2017-12-15 22:56:14,939 - Starting Apache Velocity v1.7 (compiled: 2010-11-19 12:14:37)
2017-12-15 22:56:14,939 - Default Properties File: org\apache\velocity\runtime\defaults\velocity.properties
2017-12-15 22:56:14,939 - Trying to use logger class org.apache.velocity.runtime.log.AvalonLogChute
2017-12-15 22:56:14,939 - Target log system for org.apache.velocity.runtime.log.AvalonLogChute is not available (java.lang.NoClassDefFoundError: org/apache/log/format/Formatter).  Falling back to next log system...
2017-12-15 22:56:14,939 - Trying to use logger class org.apache.velocity.runtime.log.Log4JLogChute
2017-12-15 22:56:14,939 - Using logger class org.apache.velocity.runtime.log.Log4JLogChute
2017-12-15 22:56:14,943 - ResourceLoader instantiated: org.apache.velocity.runtime.resource.loader.ClasspathResourceLoader
2017-12-15 22:56:14,955 - ResourceCache: initialized (class org.apache.velocity.runtime.resource.ResourceCacheImpl) with class java.util.Collections$SynchronizedMap cache map.
2017-12-15 22:56:14,956 - Loaded System Directive: org.apache.velocity.runtime.directive.Stop
2017-12-15 22:56:14,957 - Loaded System Directive: org.apache.velocity.runtime.directive.Define
2017-12-15 22:56:14,958 - Loaded System Directive: org.apache.velocity.runtime.directive.Break
2017-12-15 22:56:14,959 - Loaded System Directive: org.apache.velocity.runtime.directive.Evaluate
2017-12-15 22:56:14,959 - Loaded System Directive: org.apache.velocity.runtime.directive.Literal
2017-12-15 22:56:14,960 - Loaded System Directive: org.apache.velocity.runtime.directive.Macro
2017-12-15 22:56:14,962 - Loaded System Directive: org.apache.velocity.runtime.directive.Parse
2017-12-15 22:56:14,963 - Loaded System Directive: org.apache.velocity.runtime.directive.Include
2017-12-15 22:56:14,964 - Loaded System Directive: org.apache.velocity.runtime.directive.Foreach
2017-12-15 22:56:14,990 - Created '20' parsers.
2017-12-15 22:56:14,996 - Velocimacro : "velocimacro.library" is not set.  Trying default library: VM_global_library.vm
2017-12-15 22:56:14,997 - Could not load resource 'VM_global_library.vm' from ResourceLoader org.apache.velocity.runtime.resource.loader.ClasspathResourceLoader: ClasspathResourceLoader Error: cannot find resource VM_global_library.vm
2017-12-15 22:56:14,997 - Velocimacro : Default library not found.
2017-12-15 22:56:14,997 - Velocimacro : allowInline = true : VMs can be defined inline in templates
2017-12-15 22:56:14,997 - Velocimacro : allowInlineToOverride = false : VMs defined inline may NOT replace previous VM definitions
2017-12-15 22:56:14,997 - Velocimacro : allowInlineLocal = false : VMs defined inline will be global in scope if allowed.
2017-12-15 22:56:14,997 - Velocimacro : autoload off : VM system will not automatically reload global library macros
2017-12-15 22:56:15,023 - ResourceManager : found temple/entity.java.vm with loader org.apache.velocity.runtime.resource.loader.ClasspathResourceLoader
2017-12-15 22:56:15,045 - ResourceManager : found temple/mapper.java.vm with loader org.apache.velocity.runtime.resource.loader.ClasspathResourceLoader
2017-12-15 22:56:15,051 - ResourceManager : found temple/mapper.xml.vm with loader org.apache.velocity.runtime.resource.loader.ClasspathResourceLoader
2017-12-15 22:56:15,064 - ResourceManager : found temple/service.java.vm with loader org.apache.velocity.runtime.resource.loader.ClasspathResourceLoader
2017-12-15 22:56:15,068 - ResourceManager : found /templates/serviceImpl.java.vm with loader org.apache.velocity.runtime.resource.loader.ClasspathResourceLoader
2017-12-15 22:56:15,072 - ResourceManager : found temple/controller.java.vm with loader org.apache.velocity.runtime.resource.loader.ClasspathResourceLoader
2017-12-17 18:05:52,369 - Log4JLogChute initialized using file 'velocity.log'
2017-12-17 18:05:52,369 - Initializing Velocity, Calling init()...
2017-12-17 18:05:52,369 - Starting Apache Velocity v1.7 (compiled: 2010-11-19 12:14:37)
2017-12-17 18:05:52,369 - Default Properties File: org\apache\velocity\runtime\defaults\velocity.properties
2017-12-17 18:05:52,369 - Trying to use logger class org.apache.velocity.runtime.log.AvalonLogChute
2017-12-17 18:05:52,369 - Target log system for org.apache.velocity.runtime.log.AvalonLogChute is not available (java.lang.NoClassDefFoundError: org/apache/log/format/Formatter).  Falling back to next log system...
2017-12-17 18:05:52,369 - Trying to use logger class org.apache.velocity.runtime.log.Log4JLogChute
2017-12-17 18:05:52,369 - Using logger class org.apache.velocity.runtime.log.Log4JLogChute
2017-12-17 18:05:52,374 - ResourceLoader instantiated: org.apache.velocity.runtime.resource.loader.ClasspathResourceLoader
2017-12-17 18:05:52,390 - ResourceCache: initialized (class org.apache.velocity.runtime.resource.ResourceCacheImpl) with class java.util.Collections$SynchronizedMap cache map.
2017-12-17 18:05:52,391 - Loaded System Directive: org.apache.velocity.runtime.directive.Stop
2017-12-17 18:05:52,393 - Loaded System Directive: org.apache.velocity.runtime.directive.Define
2017-12-17 18:05:52,393 - Loaded System Directive: org.apache.velocity.runtime.directive.Break
2017-12-17 18:05:52,394 - Loaded System Directive: org.apache.velocity.runtime.directive.Evaluate
2017-12-17 18:05:52,395 - Loaded System Directive: org.apache.velocity.runtime.directive.Literal
2017-12-17 18:05:52,396 - Loaded System Directive: org.apache.velocity.runtime.directive.Macro
2017-12-17 18:05:52,397 - Loaded System Directive: org.apache.velocity.runtime.directive.Parse
2017-12-17 18:05:52,398 - Loaded System Directive: org.apache.velocity.runtime.directive.Include
2017-12-17 18:05:52,399 - Loaded System Directive: org.apache.velocity.runtime.directive.Foreach
2017-12-17 18:05:52,424 - Created '20' parsers.
2017-12-17 18:05:52,433 - Velocimacro : "velocimacro.library" is not set.  Trying default library: VM_global_library.vm
2017-12-17 18:05:52,435 - Could not load resource 'VM_global_library.vm' from ResourceLoader org.apache.velocity.runtime.resource.loader.ClasspathResourceLoader: ClasspathResourceLoader Error: cannot find resource VM_global_library.vm
2017-12-17 18:05:52,435 - Velocimacro : Default library not found.
2017-12-17 18:05:52,435 - Velocimacro : allowInline = true : VMs can be defined inline in templates
2017-12-17 18:05:52,435 - Velocimacro : allowInlineToOverride = false : VMs defined inline may NOT replace previous VM definitions
2017-12-17 18:05:52,435 - Velocimacro : allowInlineLocal = false : VMs defined inline will be global in scope if allowed.
2017-12-17 18:05:52,435 - Velocimacro : autoload off : VM system will not automatically reload global library macros
2017-12-17 18:05:52,457 - ResourceManager : found temple/entity.java.vm with loader org.apache.velocity.runtime.resource.loader.ClasspathResourceLoader
2017-12-17 18:05:52,477 - ResourceManager : found temple/mapper.java.vm with loader org.apache.velocity.runtime.resource.loader.ClasspathResourceLoader
2017-12-17 18:05:52,483 - ResourceManager : found temple/mapper.xml.vm with loader org.apache.velocity.runtime.resource.loader.ClasspathResourceLoader
2017-12-17 18:05:52,489 - ResourceManager : found temple/service.java.vm with loader org.apache.velocity.runtime.resource.loader.ClasspathResourceLoader
2017-12-17 18:05:52,495 - ResourceManager : found /templates/serviceImpl.java.vm with loader org.apache.velocity.runtime.resource.loader.ClasspathResourceLoader
2017-12-17 18:05:52,500 - ResourceManager : found temple/controller.java.vm with loader org.apache.velocity.runtime.resource.loader.ClasspathResourceLoader
2017-12-18 00:18:36,896 - Log4JLogChute initialized using file 'velocity.log'
2017-12-18 00:18:36,897 - Initializing Velocity, Calling init()...
2017-12-18 00:18:36,897 - Starting Apache Velocity v1.7 (compiled: 2010-11-19 12:14:37)
2017-12-18 00:18:36,897 - Default Properties File: org\apache\velocity\runtime\defaults\velocity.properties
2017-12-18 00:18:36,897 - Trying to use logger class org.apache.velocity.runtime.log.AvalonLogChute
2017-12-18 00:18:36,897 - Target log system for org.apache.velocity.runtime.log.AvalonLogChute is not available (java.lang.NoClassDefFoundError: org/apache/log/format/Formatter).  Falling back to next log system...
2017-12-18 00:18:36,897 - Trying to use logger class org.apache.velocity.runtime.log.Log4JLogChute
2017-12-18 00:18:36,897 - Using logger class org.apache.velocity.runtime.log.Log4JLogChute
2017-12-18 00:18:36,901 - ResourceLoader instantiated: org.apache.velocity.runtime.resource.loader.ClasspathResourceLoader
2017-12-18 00:18:36,915 - ResourceCache: initialized (class org.apache.velocity.runtime.resource.ResourceCacheImpl) with class java.util.Collections$SynchronizedMap cache map.
2017-12-18 00:18:36,916 - Loaded System Directive: org.apache.velocity.runtime.directive.Stop
2017-12-18 00:18:36,917 - Loaded System Directive: org.apache.velocity.runtime.directive.Define
2017-12-18 00:18:36,918 - Loaded System Directive: org.apache.velocity.runtime.directive.Break
2017-12-18 00:18:36,919 - Loaded System Directive: org.apache.velocity.runtime.directive.Evaluate
2017-12-18 00:18:36,919 - Loaded System Directive: org.apache.velocity.runtime.directive.Literal
2017-12-18 00:18:36,921 - Loaded System Directive: org.apache.velocity.runtime.directive.Macro
2017-12-18 00:18:36,922 - Loaded System Directive: org.apache.velocity.runtime.directive.Parse
2017-12-18 00:18:36,923 - Loaded System Directive: org.apache.velocity.runtime.directive.Include
2017-12-18 00:18:36,924 - Loaded System Directive: org.apache.velocity.runtime.directive.Foreach
2017-12-18 00:18:36,948 - Created '20' parsers.
2017-12-18 00:18:36,954 - Velocimacro : "velocimacro.library" is not set.  Trying default library: VM_global_library.vm
2017-12-18 00:18:36,955 - Could not load resource 'VM_global_library.vm' from ResourceLoader org.apache.velocity.runtime.resource.loader.ClasspathResourceLoader: ClasspathResourceLoader Error: cannot find resource VM_global_library.vm
2017-12-18 00:18:36,955 - Velocimacro : Default library not found.
2017-12-18 00:18:36,955 - Velocimacro : allowInline = true : VMs can be defined inline in templates
2017-12-18 00:18:36,955 - Velocimacro : allowInlineToOverride = false : VMs defined inline may NOT replace previous VM definitions
2017-12-18 00:18:36,955 - Velocimacro : allowInlineLocal = false : VMs defined inline will be global in scope if allowed.
2017-12-18 00:18:36,955 - Velocimacro : autoload off : VM system will not automatically reload global library macros
2017-12-18 00:18:36,973 - ResourceManager : found temple/entity.java.vm with loader org.apache.velocity.runtime.resource.loader.ClasspathResourceLoader
2017-12-18 00:18:36,998 - ResourceManager : found temple/mapper.java.vm with loader org.apache.velocity.runtime.resource.loader.ClasspathResourceLoader
2017-12-18 00:18:37,009 - ResourceManager : found temple/mapper.xml.vm with loader org.apache.velocity.runtime.resource.loader.ClasspathResourceLoader
2017-12-18 00:18:37,016 - ResourceManager : found temple/service.java.vm with loader org.apache.velocity.runtime.resource.loader.ClasspathResourceLoader
2017-12-18 00:18:37,022 - ResourceManager : found /templates/serviceImpl.java.vm with loader org.apache.velocity.runtime.resource.loader.ClasspathResourceLoader
2017-12-18 00:18:37,027 - ResourceManager : found temple/controller.java.vm with loader org.apache.velocity.runtime.resource.loader.ClasspathResourceLoader
